<?xml version="1.0" encoding="UTF-8"?>
<testsuite name="KnapsackTest" tests="1" skipped="0" failures="0" errors="0" timestamp="2023-05-15T11:11:29" hostname="PC0526" time="0.064">
  <properties/>
  <testcase name="testFiveItemsCannotBeGreedyByValue" classname="KnapsackTest" time="0.064"/>
  <system-out><![CDATA[]]></system-out>
  <system-err><![CDATA[]]></system-err>
</testsuite>
