<?xml version="1.0" encoding="UTF-8"?>
<testsuite name="KnapsackTest" tests="7" skipped="0" failures="0" errors="0" timestamp="2023-05-16T08:57:32" hostname="PC0526" time="0.072">
  <properties/>
  <testcase name="testFiveItemsCannotBeGreedyByWeight" classname="KnapsackTest" time="0.065"/>
  <testcase name="testOneItemTooHeavy" classname="KnapsackTest" time="0.0"/>
  <testcase name="testEightItems" classname="KnapsackTest" time="0.001"/>
  <testcase name="testFiveItemsCannotBeGreedyByValue" classname="KnapsackTest" time="0.001"/>
  <testcase name="testNoItems" classname="KnapsackTest" time="0.0"/>
  <testcase name="testExampleKnapsack" classname="KnapsackTest" time="0.001"/>
  <testcase name="testFifteenItems" classname="KnapsackTest" time="0.003"/>
  <system-out><![CDATA[2500.0
2500.0
2500.0
2500.0
2100.0
14000.0
11428.57142857143
10000.0
4000.0
2800.0
2666.6666666666665
2500.0
2500.0
10000.0
10000.0
10000.0
10000.0
5000.0
12500.0
10000.0
5000.0
2000.0
2000.0
1959.1836734693877
1957.4468085106382
1940.677966101695
1935.064935064935
1928.5714285714287
1922.2222222222222
1921.7391304347825
1909.0909090909092
1904.109589041096
1902.4390243902437
1896.2264150943395
1893.8053097345132
1875.0
1873.5632183908046
]]></system-out>
  <system-err><![CDATA[]]></system-err>
</testsuite>
